c:\users\t7147947\source\white-star-game-1-name-tbd\code\sourcecode\hapi_app\x64\release\vc141.pdb
c:\users\t7147947\source\white-star-game-1-name-tbd\code\sourcecode\hapi_app\x64\release\tinyxmlparser.obj
c:\users\t7147947\source\white-star-game-1-name-tbd\code\sourcecode\hapi_app\x64\release\tinyxmlerror.obj
c:\users\t7147947\source\white-star-game-1-name-tbd\code\sourcecode\hapi_app\x64\release\tinyxml.obj
c:\users\t7147947\source\white-star-game-1-name-tbd\code\sourcecode\hapi_app\x64\release\mapparser.obj
c:\users\t7147947\source\white-star-game-1-name-tbd\code\sourcecode\hapi_app\x64\release\base64.obj
c:\users\t7147947\source\white-star-game-1-name-tbd\code\sourcecode\hapi_app\x64\release\uiclass.obj
c:\users\t7147947\source\white-star-game-1-name-tbd\code\sourcecode\hapi_app\x64\release\map.obj
c:\users\t7147947\source\white-star-game-1-name-tbd\code\sourcecode\hapi_app\x64\release\main.obj
c:\users\t7147947\source\white-star-game-1-name-tbd\code\sourcecode\hapi_app\x64\release\entity.obj
c:\users\t7147947\source\white-star-game-1-name-tbd\code\sourcecode\hapi_app\x64\release\battlesystem.obj
c:\users\t7147947\source\white-star-game-1-name-tbd\white-star-game-1-name-tbd\code\sourcecode\hapi_app\x64\release\vc141.pdb
c:\users\t7147947\source\white-star-game-1-name-tbd\white-star-game-1-name-tbd\code\sourcecode\hapi_app\x64\release\tinyxmlparser.obj
c:\users\t7147947\source\white-star-game-1-name-tbd\white-star-game-1-name-tbd\code\sourcecode\hapi_app\x64\release\tinyxmlerror.obj
c:\users\t7147947\source\white-star-game-1-name-tbd\white-star-game-1-name-tbd\code\sourcecode\hapi_app\x64\release\tinyxml.obj
c:\users\t7147947\source\white-star-game-1-name-tbd\white-star-game-1-name-tbd\code\sourcecode\hapi_app\x64\release\mapparser.obj
c:\users\t7147947\source\white-star-game-1-name-tbd\white-star-game-1-name-tbd\code\sourcecode\hapi_app\x64\release\base64.obj
c:\users\t7147947\source\white-star-game-1-name-tbd\white-star-game-1-name-tbd\code\sourcecode\hapi_app\x64\release\uiclass.obj
c:\users\t7147947\source\white-star-game-1-name-tbd\white-star-game-1-name-tbd\code\sourcecode\hapi_app\x64\release\map.obj
c:\users\t7147947\source\white-star-game-1-name-tbd\white-star-game-1-name-tbd\code\sourcecode\hapi_app\x64\release\main.obj
c:\users\t7147947\source\white-star-game-1-name-tbd\white-star-game-1-name-tbd\code\sourcecode\hapi_app\x64\release\entity.obj
c:\users\t7147947\source\white-star-game-1-name-tbd\white-star-game-1-name-tbd\code\sourcecode\hapi_app\x64\release\battlesystem.obj
c:\users\t7147947\source\white-star-game-1-name-tbd\code\sourcecode\x64\release\hapi_app.ipdb
c:\users\t7147947\source\white-star-game-1-name-tbd\code\sourcecode\x64\release\hapi_app.iobj
c:\users\t7147947\source\white-star-game-1-name-tbd\white-star-game-1-name-tbd\code\sourcecode\x64\release\hapi_app.ipdb
c:\users\t7147947\source\white-star-game-1-name-tbd\white-star-game-1-name-tbd\code\sourcecode\x64\release\hapi_app.iobj
c:\users\q5183101\source\sourcecode\x64\release\hapi_app.exe
c:\users\q5183101\source\sourcecode\x64\release\hapi_app.pdb
c:\users\t7147947\source\white-star-game-1-name-tbd\white-star-game-1-name-tbd\code\sourcecode\x64\release\hapi_app.exe
c:\users\t7147947\source\white-star-game-1-name-tbd\white-star-game-1-name-tbd\code\sourcecode\x64\release\hapi_app.pdb
c:\users\q5183101\source\sourcecode\hapi_app\x64\release\hapi_app.res
c:\users\t7147947\source\white-star-game-1-name-tbd\white-star-game-1-name-tbd\code\sourcecode\hapi_app\x64\release\hapi_app.res
c:\users\t7147947\source\white-star-game-1-name-tbd\white-star-game-1-name-tbd\code\sourcecode\hapi_app\x64\release\hapi_app.tlog\cl.command.1.tlog
c:\users\t7147947\source\white-star-game-1-name-tbd\white-star-game-1-name-tbd\code\sourcecode\hapi_app\x64\release\hapi_app.tlog\cl.read.1.tlog
c:\users\t7147947\source\white-star-game-1-name-tbd\white-star-game-1-name-tbd\code\sourcecode\hapi_app\x64\release\hapi_app.tlog\cl.write.1.tlog
c:\users\t7147947\source\white-star-game-1-name-tbd\white-star-game-1-name-tbd\code\sourcecode\hapi_app\x64\release\hapi_app.tlog\hapi_app.write.1u.tlog
c:\users\t7147947\source\white-star-game-1-name-tbd\white-star-game-1-name-tbd\code\sourcecode\hapi_app\x64\release\hapi_app.tlog\link.command.1.tlog
c:\users\t7147947\source\white-star-game-1-name-tbd\white-star-game-1-name-tbd\code\sourcecode\hapi_app\x64\release\hapi_app.tlog\link.read.1.tlog
c:\users\t7147947\source\white-star-game-1-name-tbd\white-star-game-1-name-tbd\code\sourcecode\hapi_app\x64\release\hapi_app.tlog\link.write.1.tlog
c:\users\t7147947\source\white-star-game-1-name-tbd\white-star-game-1-name-tbd\code\sourcecode\hapi_app\x64\release\hapi_app.tlog\rc.command.1.tlog
c:\users\t7147947\source\white-star-game-1-name-tbd\white-star-game-1-name-tbd\code\sourcecode\hapi_app\x64\release\hapi_app.tlog\rc.read.1.tlog
c:\users\t7147947\source\white-star-game-1-name-tbd\white-star-game-1-name-tbd\code\sourcecode\hapi_app\x64\release\hapi_app.tlog\rc.write.1.tlog
