  BattleSystem.cpp
  Entity.cpp
  main.cpp
  Map.cpp
c:\program files (x86)\microsoft visual studio\2017\community\vc\tools\msvc\14.15.26726\include\utility(172): warning C4244: 'initializing': conversion from '_Ty' to '_Ty1', possible loss of data
          with
          [
              _Ty=float
          ]
          and
          [
              _Ty1=int
          ]
  c:\users\trisl\documents\github\white-star-game-1-name-tbd\code\sourcecode\hapi_app\map.cpp(244): note: see reference to function template instantiation 'std::pair<int,int>::pair<float,float,0>(_Other1 &&,_Other2 &&) noexcept' being compiled
          with
          [
              _Other1=float,
              _Other2=float
          ]
  c:\users\trisl\documents\github\white-star-game-1-name-tbd\code\sourcecode\hapi_app\map.cpp(242): note: see reference to function template instantiation 'std::pair<int,int>::pair<float,float,0>(_Other1 &&,_Other2 &&) noexcept' being compiled
          with
          [
              _Other1=float,
              _Other2=float
          ]
c:\program files (x86)\microsoft visual studio\2017\community\vc\tools\msvc\14.15.26726\include\utility(173): warning C4244: 'initializing': conversion from '_Ty' to '_Ty2', possible loss of data
          with
          [
              _Ty=float
          ]
          and
          [
              _Ty2=int
          ]
  UIClass.cpp
  Base64.cpp
c:\users\trisl\documents\github\white-star-game-1-name-tbd\code\sourcecode\hapi_app\utilities\base64.cpp(86): warning C4267: 'initializing': conversion from 'size_t' to 'int', possible loss of data
c:\users\trisl\documents\github\white-star-game-1-name-tbd\code\sourcecode\hapi_app\utilities\base64.cpp(97): warning C4267: '=': conversion from 'size_t' to 'unsigned char', possible loss of data
c:\users\trisl\documents\github\white-star-game-1-name-tbd\code\sourcecode\hapi_app\utilities\base64.cpp(114): warning C4267: '=': conversion from 'size_t' to 'unsigned char', possible loss of data
  MapParser.cpp
  tinyxml.cpp
  tinyxmlerror.cpp
  tinyxmlparser.cpp
  Generating code
  551 of 877 functions (62.8%) were compiled, the rest were copied from previous compilation.
    414 functions were new in current compilation
    55 functions had inline decision re-evaluated but remain unchanged
  Finished generating code
  HAPI_APP.vcxproj -> C:\Users\trisl\Documents\GitHub\White-Star-Game-1-Name-TBD\Code\SourceCode\x64\Release\HAPI_APP.exe
