  entity.cpp
c:\users\t7099851\downloads\white-star-game-1-name-tbd-battlesystem\white-star-game-1-name-tbd-battlesystem\code\sourcecode\hapi_app\entity.h(40): error C2086: 'weaponType weapon::type': redefinition
  c:\users\t7099851\downloads\white-star-game-1-name-tbd-battlesystem\white-star-game-1-name-tbd-battlesystem\code\sourcecode\hapi_app\entity.h(36): note: see declaration of 'weapon::type'
c:\users\t7099851\downloads\white-star-game-1-name-tbd-battlesystem\white-star-game-1-name-tbd-battlesystem\code\sourcecode\hapi_app\entity.cpp(81): error C2676: binary '[': 'std::list<weapon,std::allocator<_Ty>>' does not define this operator or a conversion to a type acceptable to the predefined operator
          with
          [
              _Ty=weapon
          ]
c:\users\t7099851\downloads\white-star-game-1-name-tbd-battlesystem\white-star-game-1-name-tbd-battlesystem\code\sourcecode\hapi_app\entity.cpp(91): error C2676: binary '[': 'const std::list<weapon,std::allocator<_Ty>>' does not define this operator or a conversion to a type acceptable to the predefined operator
          with
          [
              _Ty=weapon
          ]
  main.cpp
  Rendering.cpp
c:\users\t7099851\downloads\white-star-game-1-name-tbd-battlesystem\white-star-game-1-name-tbd-battlesystem\code\sourcecode\hapi_app\rendering.h(14): error C2039: 'pair': is not a member of 'std'
  c:\users\t7099851\downloads\white-star-game-1-name-tbd-battlesystem\white-star-game-1-name-tbd-battlesystem\code\sourcecode\hapi_app\predefined c++ types (compiler internal)(257): note: see declaration of 'std'
c:\users\t7099851\downloads\white-star-game-1-name-tbd-battlesystem\white-star-game-1-name-tbd-battlesystem\code\sourcecode\hapi_app\rendering.h(14): error C2061: syntax error: identifier 'pair'
c:\users\t7099851\downloads\white-star-game-1-name-tbd-battlesystem\white-star-game-1-name-tbd-battlesystem\code\sourcecode\hapi_app\rendering.h(14): error C2535: 'void Rendering::renderSprite(Sprite &)': member function already defined or declared
  c:\users\t7099851\downloads\white-star-game-1-name-tbd-battlesystem\white-star-game-1-name-tbd-battlesystem\code\sourcecode\hapi_app\rendering.h(13): note: see declaration of 'Rendering::renderSprite'
c:\users\t7099851\downloads\white-star-game-1-name-tbd-battlesystem\white-star-game-1-name-tbd-battlesystem\code\sourcecode\hapi_app\rendering.h(17): error C2039: 'string': is not a member of 'std'
  c:\users\t7099851\downloads\white-star-game-1-name-tbd-battlesystem\white-star-game-1-name-tbd-battlesystem\code\sourcecode\hapi_app\predefined c++ types (compiler internal)(257): note: see declaration of 'std'
c:\users\t7099851\downloads\white-star-game-1-name-tbd-battlesystem\white-star-game-1-name-tbd-battlesystem\code\sourcecode\hapi_app\rendering.h(17): error C2061: syntax error: identifier 'string'
c:\users\t7099851\downloads\white-star-game-1-name-tbd-battlesystem\white-star-game-1-name-tbd-battlesystem\code\sourcecode\hapi_app\rendering.h(19): error C2039: 'string': is not a member of 'std'
  c:\users\t7099851\downloads\white-star-game-1-name-tbd-battlesystem\white-star-game-1-name-tbd-battlesystem\code\sourcecode\hapi_app\predefined c++ types (compiler internal)(257): note: see declaration of 'std'
c:\users\t7099851\downloads\white-star-game-1-name-tbd-battlesystem\white-star-game-1-name-tbd-battlesystem\code\sourcecode\hapi_app\rendering.h(19): error C2061: syntax error: identifier 'string'
c:\users\t7099851\downloads\white-star-game-1-name-tbd-battlesystem\white-star-game-1-name-tbd-battlesystem\code\sourcecode\hapi_app\rendering.cpp(68): error C3867: 'HAPISPACE::Sprite::FrameWidth': non-standard syntax; use '&' to create a pointer to member
c:\users\t7099851\downloads\white-star-game-1-name-tbd-battlesystem\white-star-game-1-name-tbd-battlesystem\code\sourcecode\hapi_app\rendering.cpp(68): error C3867: 'HAPISPACE::Sprite::FrameHeight': non-standard syntax; use '&' to create a pointer to member
c:\users\t7099851\downloads\white-star-game-1-name-tbd-battlesystem\white-star-game-1-name-tbd-battlesystem\code\sourcecode\hapi_app\rendering.cpp(92): error C2511: 'void Rendering::renderSprite(Sprite &,std::pair<int,int>)': overloaded member function not found in 'Rendering'
  c:\users\t7099851\downloads\white-star-game-1-name-tbd-battlesystem\white-star-game-1-name-tbd-battlesystem\code\sourcecode\hapi_app\rendering.h(6): note: see declaration of 'Rendering'
c:\users\t7099851\downloads\white-star-game-1-name-tbd-battlesystem\white-star-game-1-name-tbd-battlesystem\code\sourcecode\hapi_app\rendering.cpp(98): error C2511: 'void Rendering::createNewSprite(std::string &,std::string &,int)': overloaded member function not found in 'Rendering'
  c:\users\t7099851\downloads\white-star-game-1-name-tbd-battlesystem\white-star-game-1-name-tbd-battlesystem\code\sourcecode\hapi_app\rendering.h(6): note: see declaration of 'Rendering'
c:\users\t7099851\downloads\white-star-game-1-name-tbd-battlesystem\white-star-game-1-name-tbd-battlesystem\code\sourcecode\hapi_app\rendering.cpp(102): error C2511: 'void Rendering::loadSprite(std::string &,int)': overloaded member function not found in 'Rendering'
  c:\users\t7099851\downloads\white-star-game-1-name-tbd-battlesystem\white-star-game-1-name-tbd-battlesystem\code\sourcecode\hapi_app\rendering.h(6): note: see declaration of 'Rendering'
  Generating Code...
